{"logLevel":"debug","message":"multithreading is set to false"}
{"logLevel":"debug","message":"Using reflection to scan dependencies for gauge implementations..."}
SLF4J: Failed to load class "org.slf4j.impl.StaticLoggerBinder".
SLF4J: Defaulting to no-operation (NOP) logger implementation
SLF4J: See http://www.slf4j.org/codes.html#StaticLoggerBinder for further details.
{"logLevel":"debug","message":"gauge-java took 1296milliseconds to load and scan. This should be less than 'runner_connection_timeout' config value."}
{"logLevel":"debug","message":"run 'gauge config runner_connection_timeout' and verify that it is < 1296"}
{"logLevel":"debug","message":"starting gRPC server..."}
{"logLevel":"debug","message":"Scanning packages for steps"}
{"logLevel":"debug","message":"Comparing 'com.obilet.StepImplementation.sendKeysByCss' and 'com.obilet.StepImplementation.sendKeysByCss'"}
{"logLevel":"debug","message":"Found Css li {} elementi bul ve {} de?eri yaz in current project scope."}
{"logLevel":"debug","message":"Comparing 'com.obilet.StepImplementation.clickElementByCss' and 'com.obilet.StepImplementation.clickElementByCss'"}
{"logLevel":"debug","message":"Found Css li {} elemente t?kla in current project scope."}
{"logLevel":"debug","message":"Comparing 'com.obilet.StepImplementation.waitElement' and 'com.obilet.StepImplementation.waitElement'"}
{"logLevel":"debug","message":"Found {} saniye kadar bekle in current project scope."}
{"logLevel":"debug","message":"Scanning packages for hooks"}
{"logLevel":"debug","message":"Scanned steps (using static parsing + reflections): "}
{"logLevel":"debug","message":"\tCss li {} elemente t?kla : public void clickElementByCss(String element)"}
{"logLevel":"debug","message":"\tCss li {} elementi bul ve {} de?eri yaz : public void sendKeysByCss(String element, String key)"}
{"logLevel":"debug","message":"\t{} saniye kadar bekle : public void waitElement(?nt saniye) throws InterruptedException"}
{"logLevel":"debug","message":"started gRPC server on port 54337"}
{"logLevel":"info","message":"Listening on port:54337"}
Starting ChromeDriver 110.0.5481.30 (aedb656755c469651f01505a4f15e153fc606a1e-refs/branch-heads/5481@{#191}) on port 21452
Only local connections are allowed.
Please see https://chromedriver.chromium.org/security-considerations for suggestions on keeping ChromeDriver safe.
ChromeDriver was started successfully.
[1678053585.045][WARNING]: virtual void DevToolsClientImpl::AddListener(DevToolsEventListener *) subscribing a listener to the already connected DevToolsClient. Connection notification will not arrive.
Mar 06, 2023 12:59:45 AM org.openqa.selenium.remote.ProtocolHandshake createSession
INFO: Detected dialect: W3C
{"logLevel":"debug","message":"Executing '{} saniye kadar bekle' using 'class com.obilet.StepImplementation.waitElement"}
{"logLevel":"debug","message":"Killing Java runner..."}
{"logLevel":"debug","message":"Stopping execution pool..."}
{"logLevel":"debug","message":"Shutting down grpc server..."}
{"logLevel":"debug","message":"Runner killed gracefully."}
